Unity Editor version:    2021.3.19f1 (c9714fde33b6)
Branch:                  2021.3/staging
Build type:              Release
Batch mode:              YES
macOS version:           Version 13.0.1 (Build 22A400)
Darwin version:          22.1.0
Architecture:            arm64
Running under Rosetta:   NO
Available memory:        16384 MB
Using pre-set license
Pro License: YES

COMMAND LINE ARGUMENTS:
/Applications/Unity/Hub/Editor/2021.3.19f1/Unity.app/Contents/MacOS/Unity
-adb2
-batchMode
-noUpm
-name
AssetImportWorker0
-projectPath
/Users/alebrio/Documents/Politecnico/VPP/VPP_Shipwrecks_Shared/Shipwrecks_Project
-logFile
Logs/AssetImportWorker0.log
-srvPort
63247
Successfully changed project path to: /Users/alebrio/Documents/Politecnico/VPP/VPP_Shipwrecks_Shared/Shipwrecks_Project
/Users/alebrio/Documents/Politecnico/VPP/VPP_Shipwrecks_Shared/Shipwrecks_Project
[UnityMemory] Configuration Parameters - Can be set up in boot.config
    "memorysetup-bucket-allocator-granularity=16"
    "memorysetup-bucket-allocator-bucket-count=8"
    "memorysetup-bucket-allocator-block-size=33554432"
    "memorysetup-bucket-allocator-block-count=8"
    "memorysetup-main-allocator-block-size=16777216"
    "memorysetup-thread-allocator-block-size=16777216"
    "memorysetup-gfx-main-allocator-block-size=16777216"
    "memorysetup-gfx-thread-allocator-block-size=16777216"
    "memorysetup-cache-allocator-block-size=4194304"
    "memorysetup-typetree-allocator-block-size=2097152"
    "memorysetup-profiler-bucket-allocator-granularity=16"
    "memorysetup-profiler-bucket-allocator-bucket-count=8"
    "memorysetup-profiler-bucket-allocator-block-size=33554432"
    "memorysetup-profiler-bucket-allocator-block-count=8"
    "memorysetup-profiler-allocator-block-size=16777216"
    "memorysetup-profiler-editor-allocator-block-size=1048576"
    "memorysetup-temp-allocator-size-main=16777216"
    "memorysetup-job-temp-allocator-block-size=2097152"
    "memorysetup-job-temp-allocator-block-size-background=1048576"
    "memorysetup-job-temp-allocator-reduction-small-platforms=262144"
    "memorysetup-temp-allocator-size-background-worker=32768"
    "memorysetup-temp-allocator-size-job-worker=262144"
    "memorysetup-temp-allocator-size-preload-manager=33554432"
    "memorysetup-temp-allocator-size-nav-mesh-worker=65536"
    "memorysetup-temp-allocator-size-audio-worker=65536"
    "memorysetup-temp-allocator-size-cloud-worker=32768"
    "memorysetup-temp-allocator-size-gi-baking-worker=262144"
    "memorysetup-temp-allocator-size-gfx=262144"
Player connection [8179770624] Host "[IP] 192.168.1.240 [Port] 0 [Flags] 2 [Guid] 3734227664 [EditorId] 3734227664 [Version] 1048832 [Id] OSXEditor(0,Alessios-MBP.home) [Debug] 1 [PackageName] OSXEditor [ProjectName] Editor" joined multi-casting on [225.0.0.222:54997]...

Player connection [8179770624] Host "[IP] 192.168.1.240 [Port] 0 [Flags] 2 [Guid] 3734227664 [EditorId] 3734227664 [Version] 1048832 [Id] OSXEditor(0,Alessios-MBP.home) [Debug] 1 [PackageName] OSXEditor [ProjectName] Editor" joined alternative multi-casting on [225.0.0.222:34997]...

Refreshing native plugins compatible for Editor in 109.60 ms, found 3 plugins.
Preloading 1 native plugins for Editor in 9.67 ms.
Initialize engine version: 2021.3.19f1 (c9714fde33b6)
[Subsystems] Discovering subsystems at path /Applications/Unity/Hub/Editor/2021.3.19f1/Unity.app/Contents/Resources/UnitySubsystems
[Subsystems] Discovering subsystems at path /Users/alebrio/Documents/Politecnico/VPP/VPP_Shipwrecks_Shared/Shipwrecks_Project/Assets
GfxDevice: creating device client; threaded=0; jobified=0
 preferred device: Apple M1 Pro (high power)
Metal devices available: 1
0: Apple M1 Pro (high power)
Using device Apple M1 Pro (high power)
Initializing Metal device caps: Apple M1 Pro
Initialize mono
Mono path[0] = '/Applications/Unity/Hub/Editor/2021.3.19f1/Unity.app/Contents/Managed'
Mono path[1] = '/Applications/Unity/Hub/Editor/2021.3.19f1/Unity.app/Contents/MonoBleedingEdge/lib/mono/unityjit-macos'
Mono config path = '/Applications/Unity/Hub/Editor/2021.3.19f1/Unity.app/Contents/MonoBleedingEdge/etc'
Using monoOptions --debugger-agent=transport=dt_socket,embedding=1,server=y,suspend=n,address=127.0.0.1:56765
Begin MonoManager ReloadAssembly
Registering precompiled unity dll's ...
Register platform support module: /Applications/Unity/Hub/Editor/2021.3.19f1/Unity.app/Contents/PlaybackEngines/MacStandaloneSupport/UnityEditor.OSXStandalone.Extensions.dll
Register platform support module: /Applications/Unity/Hub/Editor/2021.3.19f1/PlaybackEngines/AndroidPlayer/UnityEditor.Android.Extensions.dll
Registered in 0.002049 seconds.
Native extension for Android target not found
Android Extension - Scanning For ADB Devices 340 ms
Native extension for OSXStandalone target not found
Refreshing native plugins compatible for Editor in 102.16 ms, found 3 plugins.
Preloading 1 native plugins for Editor in 0.44 ms.
Mono: successfully reloaded assembly
- Completed reload, in  0.863 seconds
Domain Reload Profiling:
	ReloadAssembly (863ms)
		BeginReloadAssembly (81ms)
			ExecutionOrderSort (0ms)
			DisableScriptedObjects (0ms)
			BackupInstance (0ms)
			ReleaseScriptingObjects (0ms)
			CreateAndSetChildDomain (0ms)
		EndReloadAssembly (710ms)
			LoadAssemblies (81ms)
			RebuildTransferFunctionScriptingTraits (0ms)
			SetupTypeCache (78ms)
			ReleaseScriptCaches (0ms)
			RebuildScriptCaches (19ms)
			SetupLoadedEditorAssemblies (580ms)
				LogAssemblyErrors (0ms)
				InitializePlatformSupportModulesInManaged (405ms)
				SetLoadedEditorAssemblies (0ms)
				RefreshPlugins (103ms)
				BeforeProcessingInitializeOnLoad (1ms)
				ProcessInitializeOnLoadAttributes (48ms)
				ProcessInitializeOnLoadMethodAttributes (23ms)
				AfterProcessingInitializeOnLoad (0ms)
				EditorAssembliesLoaded (0ms)
			ExecutionOrderSort2 (0ms)
			AwakeInstancesAfterBackupRestoration (0ms)
Platform modules already initialized, skipping
Registering precompiled user dll's ...
Registered in 0.003835 seconds.
Begin MonoManager ReloadAssembly
Symbol file LoadedFromMemory doesn't match image /Users/alebrio/Documents/Politecnico/VPP/VPP_Shipwrecks_Shared/Shipwrecks_Project/Library/PackageCache/com.unity.visualscripting@1.8.0/Editor/VisualScripting.Core/Dependencies/DotNetZip/Unity.VisualScripting.IonicZip.dll
Symbol file LoadedFromMemory doesn't match image /Users/alebrio/Documents/Politecnico/VPP/VPP_Shipwrecks_Shared/Shipwrecks_Project/Library/PackageCache/com.unity.visualscripting@1.8.0/Editor/VisualScripting.Core/Dependencies/YamlDotNet/Unity.VisualScripting.YamlDotNet.dll
Native extension for Android target not found
Native extension for OSXStandalone target not found
Refreshing native plugins compatible for Editor in 107.85 ms, found 3 plugins.
Preloading 1 native plugins for Editor in 0.45 ms.
Package Manager log level set to [2]
Mono: successfully reloaded assembly
- Completed reload, in  1.001 seconds
Domain Reload Profiling:
	ReloadAssembly (1002ms)
		BeginReloadAssembly (68ms)
			ExecutionOrderSort (0ms)
			DisableScriptedObjects (5ms)
			BackupInstance (0ms)
			ReleaseScriptingObjects (0ms)
			CreateAndSetChildDomain (19ms)
		EndReloadAssembly (860ms)
			LoadAssemblies (81ms)
			RebuildTransferFunctionScriptingTraits (0ms)
			SetupTypeCache (199ms)
			ReleaseScriptCaches (1ms)
			RebuildScriptCaches (51ms)
			SetupLoadedEditorAssemblies (462ms)
				LogAssemblyErrors (0ms)
				InitializePlatformSupportModulesInManaged (8ms)
				SetLoadedEditorAssemblies (0ms)
				RefreshPlugins (108ms)
				BeforeProcessingInitializeOnLoad (83ms)
				ProcessInitializeOnLoadAttributes (216ms)
				ProcessInitializeOnLoadMethodAttributes (45ms)
				AfterProcessingInitializeOnLoad (1ms)
				EditorAssembliesLoaded (0ms)
			ExecutionOrderSort2 (0ms)
			AwakeInstancesAfterBackupRestoration (2ms)
Platform modules already initialized, skipping
========================================================================
Worker process is ready to serve import requests
Launching external process: /Applications/Unity/Hub/Editor/2021.3.19f1/Unity.app/Contents/Tools/UnityShaderCompiler
Launched and connected shader compiler UnityShaderCompiler after 0.19 seconds
Refreshing native plugins compatible for Editor in 0.78 ms, found 3 plugins.
Preloading 1 native plugins for Editor in 0.52 ms.
Unloading 5750 Unused Serialized files (Serialized files now loaded: 0)
Unloading 67 unused Assets / (1.2 MB). Loaded Objects now: 6180.
Memory consumption went from 224.2 MB to 223.1 MB.
Total: 3.859792 ms (FindLiveObjects: 0.205250 ms CreateObjectMapping: 0.070000 ms MarkObjects: 3.265375 ms  DeleteObjects: 0.318417 ms)

AssetImportParameters requested are different than current active one (requested -> active):
  custom:video-decoder-ogg-theora: a1e56fd34408186e4bbccfd4996cb3dc -> 
  custom:container-muxer-webm: aa71ff27fc2769a1b78a27578f13a17b -> 
  custom:container-demuxer-webm: 4f35f7cbe854078d1ac9338744f61a02 -> 
  custom:video-encoder-webm-vp8: eb34c28f22e8b96e1ab97ce403110664 -> 
  custom:framework-osx-AVFoundation: e770b220cccbd017edd2c1fefb359320 -> 
  custom:audio-encoder-webm-vorbis: bf7c407c2cedff20999df2af8eb42d56 -> 
  custom:container-demuxer-ogg: 62fdf1f143b41e24485cea50d1cbac27 -> 
  custom:video-decoder-webm-vp8: 9c59270c3fd7afecdb556c50c9e8de78 -> 
  custom:audio-decoder-ogg-vorbis: bf7c407c2cedff20999df2af8eb42d56 -> 
========================================================================
Received Import Request.
  Time since last request: 139323.365082 seconds.
  path: ProjectSettings/TagManager.asset
  artifactKey: Guid(00000000000000003000000000000000) Importer(815301076,1909f56bfc062723c751e8b465ee728b)
Start importing ProjectSettings/TagManager.asset using Guid(00000000000000003000000000000000) Importer(815301076,1909f56bfc062723c751e8b465ee728b)  -> (artifact id: '83a64c9d960e4f7ea1d782eb12fe2969') in 0.091009 seconds 
========================================================================
Received Import Request.
  Time since last request: 444.598845 seconds.
  path: Assets/Shipwreck/Letter_upscaled.png
  artifactKey: Guid(975c6b7197a9c4100a0d287adffc7c96) Importer(815301076,1909f56bfc062723c751e8b465ee728b)
Start importing Assets/Shipwreck/Letter_upscaled.png using Guid(975c6b7197a9c4100a0d287adffc7c96) Importer(815301076,1909f56bfc062723c751e8b465ee728b)  -> (artifact id: 'd67b0f3b4d2342f1a9bf6162d5e9bab4') in 0.120712 seconds 
========================================================================
Received Prepare
Refreshing native plugins compatible for Editor in 10.70 ms, found 3 plugins.
Preloading 1 native plugins for Editor in 0.44 ms.
Unloading 56 Unused Serialized files (Serialized files now loaded: 0)
Unloading 57 unused Assets / (0.6 MB). Loaded Objects now: 6183.
Memory consumption went from 107.9 MB to 107.3 MB.
Total: 7.261375 ms (FindLiveObjects: 0.216208 ms CreateObjectMapping: 0.071208 ms MarkObjects: 6.678833 ms  DeleteObjects: 0.294125 ms)

AssetImportParameters requested are different than current active one (requested -> active):
  custom:video-decoder-ogg-theora: a1e56fd34408186e4bbccfd4996cb3dc -> 
  custom:container-muxer-webm: aa71ff27fc2769a1b78a27578f13a17b -> 
  custom:container-demuxer-webm: 4f35f7cbe854078d1ac9338744f61a02 -> 
  custom:video-encoder-webm-vp8: eb34c28f22e8b96e1ab97ce403110664 -> 
  custom:framework-osx-AVFoundation: e770b220cccbd017edd2c1fefb359320 -> 
  custom:audio-encoder-webm-vorbis: bf7c407c2cedff20999df2af8eb42d56 -> 
  custom:SearchIndexIgnoredProperties: e643bd26f0fe6173181afceb89e7c659 -> 
  custom:container-demuxer-ogg: 62fdf1f143b41e24485cea50d1cbac27 -> 
  custom:video-decoder-webm-vp8: 9c59270c3fd7afecdb556c50c9e8de78 -> 
  custom:audio-decoder-ogg-vorbis: bf7c407c2cedff20999df2af8eb42d56 -> 
========================================================================
Received Import Request.
  Time since last request: 122.318733 seconds.
  path: Assets/Shipwreck/Materials
  artifactKey: Guid(ba72bb46a20a6489c910fd1b15c3b393) Importer(815301076,1909f56bfc062723c751e8b465ee728b)
Start importing Assets/Shipwreck/Materials using Guid(ba72bb46a20a6489c910fd1b15c3b393) Importer(815301076,1909f56bfc062723c751e8b465ee728b)  -> (artifact id: '02ea815b0c963620a06caf11edb1b776') in 0.002391 seconds 
========================================================================
Received Import Request.
  Time since last request: 661.133843 seconds.
  path: Assets/Shader
  artifactKey: Guid(6d20df4777112421cb8ad9d566371783) Importer(815301076,1909f56bfc062723c751e8b465ee728b)
Start importing Assets/Shader using Guid(6d20df4777112421cb8ad9d566371783) Importer(815301076,1909f56bfc062723c751e8b465ee728b)  -> (artifact id: 'db5551db2c969c42899abeeac70dd0d7') in 0.001817 seconds 
========================================================================
Received Import Request.
  Time since last request: 94.176380 seconds.
  path: Assets/Oculus/Spatializer/scenes/Standard Assets/Character Controllers/3rd Person Controller.prefab
  artifactKey: Guid(2314ce3a3eecf4816bad3c9eca4de2e1) Importer(815301076,1909f56bfc062723c751e8b465ee728b)
Start importing Assets/Oculus/Spatializer/scenes/Standard Assets/Character Controllers/3rd Person Controller.prefab using Guid(2314ce3a3eecf4816bad3c9eca4de2e1) Importer(815301076,1909f56bfc062723c751e8b465ee728b)  -> (artifact id: '98884c386006fbee02b5e5f135c96af8') in 0.278151 seconds 
========================================================================
Received Import Request.
  Time since last request: 0.000064 seconds.
  path: Assets/Quixel/3D_Assets/Old Clay Pitcher_tl2qbdffa/Models/Old Clay Pitcher_LOD0__tl2qbdffa.fbx
  artifactKey: Guid(98d93ede4e2ee489c9257349cddac1db) Importer(815301076,1909f56bfc062723c751e8b465ee728b)
Start importing Assets/Quixel/3D_Assets/Old Clay Pitcher_tl2qbdffa/Models/Old Clay Pitcher_LOD0__tl2qbdffa.fbx using Guid(98d93ede4e2ee489c9257349cddac1db) Importer(815301076,1909f56bfc062723c751e8b465ee728b)  -> (artifact id: 'ea76156eaebe46e4eb5e6f1f8ca7dada') in 0.304636 seconds 
========================================================================
Received Import Request.
  Time since last request: 0.000068 seconds.
  path: Assets/Quixel/3D_Assets/Smoked Meat_webjdcvaa/Models/Smoked Meat_LOD4__webjdcvaa.fbx
  artifactKey: Guid(7730b42b534aa42f29575b8adf885bac) Importer(815301076,1909f56bfc062723c751e8b465ee728b)
Start importing Assets/Quixel/3D_Assets/Smoked Meat_webjdcvaa/Models/Smoked Meat_LOD4__webjdcvaa.fbx using Guid(7730b42b534aa42f29575b8adf885bac) Importer(815301076,1909f56bfc062723c751e8b465ee728b)  -> (artifact id: '5fed22c83d20048472b575eb0ca59b77') in 0.030668 seconds 
========================================================================
Received Import Request.
  Time since last request: 0.000049 seconds.
  path: Assets/Quixel/3D_Assets/Wax Candle_tkekcg0hw/Models/Wax Candle_LOD2__tkekcg0hw.fbx
  artifactKey: Guid(fcd73d968ed1a4c258b0c92234e4ecf7) Importer(815301076,1909f56bfc062723c751e8b465ee728b)
Start importing Assets/Quixel/3D_Assets/Wax Candle_tkekcg0hw/Models/Wax Candle_LOD2__tkekcg0hw.fbx using Guid(fcd73d968ed1a4c258b0c92234e4ecf7) Importer(815301076,1909f56bfc062723c751e8b465ee728b)  -> (artifact id: '015e3c63912db2c50d54d6cd88bed09d') in 0.010845 seconds 
========================================================================
Received Import Request.
  Time since last request: 0.000052 seconds.
  path: Assets/_Course Library/_Prefabs/Environments/Background_Hills.prefab
  artifactKey: Guid(ba41cc3523f70d94981ec452dc307e61) Importer(815301076,1909f56bfc062723c751e8b465ee728b)
Start importing Assets/_Course Library/_Prefabs/Environments/Background_Hills.prefab using Guid(ba41cc3523f70d94981ec452dc307e61) Importer(815301076,1909f56bfc062723c751e8b465ee728b)  -> (artifact id: 'b39196f63ed27679187444be6f6e5544') in 0.010026 seconds 
========================================================================
Received Import Request.
  Time since last request: 0.000055 seconds.
  path: Assets/Quixel/3D_Assets/Barrel On Stand_udmmfbpqx/Models/Barrel On Stand_LOD0__udmmfbpqx.fbx
  artifactKey: Guid(f70bad86642684f6aa53cda48ac20309) Importer(815301076,1909f56bfc062723c751e8b465ee728b)
Start importing Assets/Quixel/3D_Assets/Barrel On Stand_udmmfbpqx/Models/Barrel On Stand_LOD0__udmmfbpqx.fbx using Guid(f70bad86642684f6aa53cda48ac20309) Importer(815301076,1909f56bfc062723c751e8b465ee728b)  -> (artifact id: '887d737d59c250c3cd7683d8c049dac8') in 0.011075 seconds 
========================================================================
Received Import Request.
  Time since last request: 0.000061 seconds.
  path: Assets/Quixel/3D_Assets/Round White Bread_whplffy/Models/Round White Bread_LOD4__whplffy.fbx
  artifactKey: Guid(76d408fb91d55478081cf80054d3a23f) Importer(815301076,1909f56bfc062723c751e8b465ee728b)
Start importing Assets/Quixel/3D_Assets/Round White Bread_whplffy/Models/Round White Bread_LOD4__whplffy.fbx using Guid(76d408fb91d55478081cf80054d3a23f) Importer(815301076,1909f56bfc062723c751e8b465ee728b)  -> (artifact id: '02f079fe7303bff4042ff7fe64f7289c') in 0.017331 seconds 
========================================================================
Received Import Request.
  Time since last request: 0.000054 seconds.
  path: Assets/_Course Library/_Prefabs/Environments/Background_Buildings.prefab
  artifactKey: Guid(4e12f80178b8d6e47a7b602b9e2f58fb) Importer(815301076,1909f56bfc062723c751e8b465ee728b)
Start importing Assets/_Course Library/_Prefabs/Environments/Background_Buildings.prefab using Guid(4e12f80178b8d6e47a7b602b9e2f58fb) Importer(815301076,1909f56bfc062723c751e8b465ee728b)  -> (artifact id: 'c8aaa12227872b9dfafad6e97d50869b') in 0.007152 seconds 
========================================================================
Received Import Request.
  Time since last request: 0.000039 seconds.
  path: Assets/Quixel/3D_Assets/Smoked Fish_weflciqaa/Models/Smoked Fish_LOD4__weflciqaa.fbx
  artifactKey: Guid(69852e27841d942dbbede00893d365d2) Importer(815301076,1909f56bfc062723c751e8b465ee728b)
Start importing Assets/Quixel/3D_Assets/Smoked Fish_weflciqaa/Models/Smoked Fish_LOD4__weflciqaa.fbx using Guid(69852e27841d942dbbede00893d365d2) Importer(815301076,1909f56bfc062723c751e8b465ee728b)  -> (artifact id: '143f4068813bc323680c7eea048b750b') in 0.016168 seconds 
========================================================================
Received Import Request.
  Time since last request: 0.000051 seconds.
  path: Assets/_Course Library/_Prefabs/Art/Art_Painting_Swan.prefab
  artifactKey: Guid(a3e93e0121486e340ac0796260e744ab) Importer(815301076,1909f56bfc062723c751e8b465ee728b)
Start importing Assets/_Course Library/_Prefabs/Art/Art_Painting_Swan.prefab using Guid(a3e93e0121486e340ac0796260e744ab) Importer(815301076,1909f56bfc062723c751e8b465ee728b)  -> (artifact id: '096405e8291014d77d98addc41aff3d7') in 0.010404 seconds 
========================================================================
Received Import Request.
  Time since last request: 0.000063 seconds.
  path: Assets/Quixel/3D_Assets/Blue Book_vecsfd2qx/Models/Blue Book_LOD4__vecsfd2qx.fbx
  artifactKey: Guid(056aeb76dccb5425fb17a9b5cc888982) Importer(815301076,1909f56bfc062723c751e8b465ee728b)
Start importing Assets/Quixel/3D_Assets/Blue Book_vecsfd2qx/Models/Blue Book_LOD4__vecsfd2qx.fbx using Guid(056aeb76dccb5425fb17a9b5cc888982) Importer(815301076,1909f56bfc062723c751e8b465ee728b)  -> (artifact id: '5fb1dc97bd46db70f5e7d3bc5625413b') in 0.013194 seconds 
========================================================================
Received Import Request.
  Time since last request: 0.000082 seconds.
  path: Assets/Quixel/3D_Assets/Wax Candle_tkekcg0hw/Models/Wax Candle_LOD0__tkekcg0hw.fbx
  artifactKey: Guid(b67c76f826bf94a32b07bb64b2b98ea5) Importer(815301076,1909f56bfc062723c751e8b465ee728b)
Start importing Assets/Quixel/3D_Assets/Wax Candle_tkekcg0hw/Models/Wax Candle_LOD0__tkekcg0hw.fbx using Guid(b67c76f826bf94a32b07bb64b2b98ea5) Importer(815301076,1909f56bfc062723c751e8b465ee728b)  -> (artifact id: '2e7c60a5ee2064e4278ff85d1573e1cc') in 0.010462 seconds 
========================================================================
Received Import Request.
  Time since last request: 0.000054 seconds.
  path: Assets/Quixel/3D_Assets/Blue Book_vecsfd2qx/Models/Blue Book_LOD6__vecsfd2qx.fbx
  artifactKey: Guid(182901380e0ad4f2e8ca0bf81bf6ad4f) Importer(815301076,1909f56bfc062723c751e8b465ee728b)
Start importing Assets/Quixel/3D_Assets/Blue Book_vecsfd2qx/Models/Blue Book_LOD6__vecsfd2qx.fbx using Guid(182901380e0ad4f2e8ca0bf81bf6ad4f) Importer(815301076,1909f56bfc062723c751e8b465ee728b)  -> (artifact id: 'ce4c58e3e3f1bf52de58739be662897b') in 0.009961 seconds 
========================================================================
Received Import Request.
  Time since last request: 0.000052 seconds.
  path: Assets/Oculus/Spatializer/scenes/materials/AmbisonicObject1.mat
  artifactKey: Guid(584662273d60a0f47bd7fecbb570e66e) Importer(815301076,1909f56bfc062723c751e8b465ee728b)
Start importing Assets/Oculus/Spatializer/scenes/materials/AmbisonicObject1.mat using Guid(584662273d60a0f47bd7fecbb570e66e) Importer(815301076,1909f56bfc062723c751e8b465ee728b)  -> (artifact id: 'b11644f9e9e52b42e85c1eaa73cb950b') in 0.108502 seconds 
========================================================================
Received Import Request.
  Time since last request: 0.000070 seconds.
  path: Assets/_Course Library/Source Files/Models/Ball_Tennis.fbx
  artifactKey: Guid(d6b5780a9f86954498a6a8eb9db39df5) Importer(815301076,1909f56bfc062723c751e8b465ee728b)
Start importing Assets/_Course Library/Source Files/Models/Ball_Tennis.fbx using Guid(d6b5780a9f86954498a6a8eb9db39df5) Importer(815301076,1909f56bfc062723c751e8b465ee728b)  -> (artifact id: '114c0aefd29b918b42e3a22bd978993a') in 0.013714 seconds 
========================================================================
Received Import Request.
  Time since last request: 0.000059 seconds.
  path: Assets/Quixel/3D_Assets/Bundled Rope Coils_vhnmee2s/Textures/Albedo_2K__vhnmee2s.png
  artifactKey: Guid(20dff5231f48a4f32904456ed8736a09) Importer(815301076,1909f56bfc062723c751e8b465ee728b)
Start importing Assets/Quixel/3D_Assets/Bundled Rope Coils_vhnmee2s/Textures/Albedo_2K__vhnmee2s.png using Guid(20dff5231f48a4f32904456ed8736a09) Importer(815301076,1909f56bfc062723c751e8b465ee728b)  -> (artifact id: '7db4853422691a5800570219e2c717f9') in 0.007821 seconds 
========================================================================
Received Import Request.
  Time since last request: 0.000039 seconds.
  path: Assets/Quixel/3D_Assets/Blue Book_vecsfd2qx/Models/Blue Book_LOD2__vecsfd2qx.fbx
  artifactKey: Guid(1497a0889ab0a4ba88e03f9c4539f7f5) Importer(815301076,1909f56bfc062723c751e8b465ee728b)
Start importing Assets/Quixel/3D_Assets/Blue Book_vecsfd2qx/Models/Blue Book_LOD2__vecsfd2qx.fbx using Guid(1497a0889ab0a4ba88e03f9c4539f7f5) Importer(815301076,1909f56bfc062723c751e8b465ee728b)  -> (artifact id: '1bb950a256d019eda7ede1cff64cd897') in 0.011014 seconds 
========================================================================
Received Import Request.
  Time since last request: 0.000044 seconds.
  path: Assets/Quixel/3D_Assets/Blue Book_vecsfd2qx/Textures/Albedo_2K__vecsfd2qx.png
  artifactKey: Guid(9e87daaf918fe455bb0ffa445c5ddd72) Importer(815301076,1909f56bfc062723c751e8b465ee728b)
Start importing Assets/Quixel/3D_Assets/Blue Book_vecsfd2qx/Textures/Albedo_2K__vecsfd2qx.png using Guid(9e87daaf918fe455bb0ffa445c5ddd72) Importer(815301076,1909f56bfc062723c751e8b465ee728b)  -> (artifact id: 'a6f85ede5e1eeaddf4f222e851e4ac07') in 0.006724 seconds 
========================================================================
Received Import Request.
  Time since last request: 0.000066 seconds.
  path: Assets/Quixel/3D_Assets/Round White Bread_whplffy/Models/Round White Bread_LOD2__whplffy.fbx
  artifactKey: Guid(f0affb85afea648e2a0c741d00608e08) Importer(815301076,1909f56bfc062723c751e8b465ee728b)
Start importing Assets/Quixel/3D_Assets/Round White Bread_whplffy/Models/Round White Bread_LOD2__whplffy.fbx using Guid(f0affb85afea648e2a0c741d00608e08) Importer(815301076,1909f56bfc062723c751e8b465ee728b)  -> (artifact id: 'd1801831c0b08c9047c5a62a6e3d110e') in 0.017682 seconds 
========================================================================
Received Import Request.
  Time since last request: 0.000056 seconds.
  path: Assets/Quixel/3D_Assets/Barrel On Stand_udmmfbpqx/Models/Barrel On Stand_LOD4__udmmfbpqx.fbx
  artifactKey: Guid(3b1d9686196824eaf83ab9941fa068a7) Importer(815301076,1909f56bfc062723c751e8b465ee728b)
Start importing Assets/Quixel/3D_Assets/Barrel On Stand_udmmfbpqx/Models/Barrel On Stand_LOD4__udmmfbpqx.fbx using Guid(3b1d9686196824eaf83ab9941fa068a7) Importer(815301076,1909f56bfc062723c751e8b465ee728b)  -> (artifact id: '0ff838d5a8793e83bdb272e959f28611') in 0.012510 seconds 
========================================================================
Received Import Request.
  Time since last request: 0.000056 seconds.
  path: Assets/Quixel/3D_Assets/Wooden Shelf_vlwmahl/Models/Wooden Shelf_LOD0__vlwmahl.fbx
  artifactKey: Guid(f3cb507f40432462da97cba16e657fd8) Importer(815301076,1909f56bfc062723c751e8b465ee728b)
Start importing Assets/Quixel/3D_Assets/Wooden Shelf_vlwmahl/Models/Wooden Shelf_LOD0__vlwmahl.fbx using Guid(f3cb507f40432462da97cba16e657fd8) Importer(815301076,1909f56bfc062723c751e8b465ee728b)  -> (artifact id: '7cf637f02ee494ee0c03a5a7ab84b85a') in 0.018754 seconds 
========================================================================
Received Import Request.
  Time since last request: 0.000066 seconds.
  path: Assets/Quixel/3D_Assets/Wooden Shelf_vlwmahl/Models/Wooden Shelf_LOD4__vlwmahl.fbx
  artifactKey: Guid(564f066e2ad2940c09b8ea1ad02cb9db) Importer(815301076,1909f56bfc062723c751e8b465ee728b)
Start importing Assets/Quixel/3D_Assets/Wooden Shelf_vlwmahl/Models/Wooden Shelf_LOD4__vlwmahl.fbx using Guid(564f066e2ad2940c09b8ea1ad02cb9db) Importer(815301076,1909f56bfc062723c751e8b465ee728b)  -> (artifact id: '891585e0866bd51730f413ea14a82c37') in 0.016553 seconds 
========================================================================
Received Import Request.
  Time since last request: 0.000062 seconds.
  path: Assets/Quixel/3D_Assets/Smoked Fish_weflciqaa/Models/Smoked Fish_LOD0__weflciqaa.fbx
  artifactKey: Guid(87e632e027afb4b2795c282b07fff96e) Importer(815301076,1909f56bfc062723c751e8b465ee728b)
Start importing Assets/Quixel/3D_Assets/Smoked Fish_weflciqaa/Models/Smoked Fish_LOD0__weflciqaa.fbx using Guid(87e632e027afb4b2795c282b07fff96e) Importer(815301076,1909f56bfc062723c751e8b465ee728b)  -> (artifact id: 'cbcb24cdd762d3e2b09a2cfe4d235fd4') in 0.032185 seconds 
========================================================================
Received Import Request.
  Time since last request: 0.000049 seconds.
  path: Assets/XR/XRGeneralSettings.asset
  artifactKey: Guid(ad4050bc0deda4e238354e959df0f1f4) Importer(815301076,1909f56bfc062723c751e8b465ee728b)
Start importing Assets/XR/XRGeneralSettings.asset using Guid(ad4050bc0deda4e238354e959df0f1f4) Importer(815301076,1909f56bfc062723c751e8b465ee728b)  -> (artifact id: 'a5c42366930261b77bad383dffd0fb7c') in 0.007442 seconds 
========================================================================
Received Import Request.
  Time since last request: 0.000052 seconds.
  path: Assets/Quixel/3D_Assets/Wax Candle_tkekcg0hw/Models/Wax Candle_LOD4__tkekcg0hw.fbx
  artifactKey: Guid(e22801cd988ad4cdf9b8fc91b572b305) Importer(815301076,1909f56bfc062723c751e8b465ee728b)
Start importing Assets/Quixel/3D_Assets/Wax Candle_tkekcg0hw/Models/Wax Candle_LOD4__tkekcg0hw.fbx using Guid(e22801cd988ad4cdf9b8fc91b572b305) Importer(815301076,1909f56bfc062723c751e8b465ee728b)  -> (artifact id: '66178c893329758cc3a9b994cb4c235f') in 0.010482 seconds 
========================================================================
Received Import Request.
  Time since last request: 0.000046 seconds.
  path: Assets/_Course Library/Source Files/Models/Ball_Tennis_B.fbx
  artifactKey: Guid(479d30e27e09d5d40ad7bc3e3c719170) Importer(815301076,1909f56bfc062723c751e8b465ee728b)
Start importing Assets/_Course Library/Source Files/Models/Ball_Tennis_B.fbx using Guid(479d30e27e09d5d40ad7bc3e3c719170) Importer(815301076,1909f56bfc062723c751e8b465ee728b)  -> (artifact id: '1b92cc852916d149a446d5985699dfe7') in 0.013564 seconds 
========================================================================
Received Import Request.
  Time since last request: 0.000057 seconds.
  path: Assets/Quixel/3D_Assets/Wooden Table_uc1kebzfa/Models/Wooden Table_LOD2__uc1kebzfa.fbx
  artifactKey: Guid(b75ad8942fe174d2d9cbb485b43ea9c9) Importer(815301076,1909f56bfc062723c751e8b465ee728b)
Start importing Assets/Quixel/3D_Assets/Wooden Table_uc1kebzfa/Models/Wooden Table_LOD2__uc1kebzfa.fbx using Guid(b75ad8942fe174d2d9cbb485b43ea9c9) Importer(815301076,1909f56bfc062723c751e8b465ee728b)  -> (artifact id: '8356cf2363483b187582d670bfbad66b') in 0.015019 seconds 
========================================================================
Received Import Request.
  Time since last request: 0.000038 seconds.
  path: Assets/Quixel/3D_Assets/Barrel On Stand_udmmfbpqx/Models/Barrel On Stand_LOD2__udmmfbpqx.fbx
  artifactKey: Guid(a3d4872fc859a4b20ae1c1439a85ea26) Importer(815301076,1909f56bfc062723c751e8b465ee728b)
Start importing Assets/Quixel/3D_Assets/Barrel On Stand_udmmfbpqx/Models/Barrel On Stand_LOD2__udmmfbpqx.fbx using Guid(a3d4872fc859a4b20ae1c1439a85ea26) Importer(815301076,1909f56bfc062723c751e8b465ee728b)  -> (artifact id: '5fce0512f5bdc94a4e98270f81dc1515') in 0.009839 seconds 
========================================================================
Received Import Request.
  Time since last request: 0.000041 seconds.
  path: Assets/Quixel/3D_Assets/Blue Book_vecsfd2qx/Models/Blue Book_LOD0__vecsfd2qx.fbx
  artifactKey: Guid(02ddf9ab682c2441a96cef0ad73c41b3) Importer(815301076,1909f56bfc062723c751e8b465ee728b)
Start importing Assets/Quixel/3D_Assets/Blue Book_vecsfd2qx/Models/Blue Book_LOD0__vecsfd2qx.fbx using Guid(02ddf9ab682c2441a96cef0ad73c41b3) Importer(815301076,1909f56bfc062723c751e8b465ee728b)  -> (artifact id: '3fb99469e7412ec7ff8d0fd839dcabcd') in 0.009390 seconds 
========================================================================
Received Import Request.
  Time since last request: 0.000057 seconds.
  path: Assets/TextMesh Pro/Shaders/TMPro_Surface.cginc
  artifactKey: Guid(d930090c0cd643c7b55f19a38538c162) Importer(815301076,1909f56bfc062723c751e8b465ee728b)
Start importing Assets/TextMesh Pro/Shaders/TMPro_Surface.cginc using Guid(d930090c0cd643c7b55f19a38538c162) Importer(815301076,1909f56bfc062723c751e8b465ee728b)  -> (artifact id: 'ea13d047588def6a5bf25e3460fd73ab') in 0.028246 seconds 
========================================================================
Received Import Request.
  Time since last request: 0.000111 seconds.
  path: Assets/Quixel/3D_Assets/Barrel On Stand_udmmfbpqx/Prefabs/Barrel On Stand_udmmfbpqx.prefab
  artifactKey: Guid(b1929d5dcccd042aeb4a7063439f0047) Importer(815301076,1909f56bfc062723c751e8b465ee728b)
Start importing Assets/Quixel/3D_Assets/Barrel On Stand_udmmfbpqx/Prefabs/Barrel On Stand_udmmfbpqx.prefab using Guid(b1929d5dcccd042aeb4a7063439f0047) Importer(815301076,1909f56bfc062723c751e8b465ee728b)  -> (artifact id: '6508b03fdd6bd5d93d97b8f79d186f87') in 0.019177 seconds 
========================================================================
Received Import Request.
  Time since last request: 0.000056 seconds.
  path: Assets/Quixel/3D_Assets/Wooden Bowl_uhblbb3jw/Models/Wooden Bowl_LOD4__uhblbb3jw.fbx
  artifactKey: Guid(f801c45aa4ee445a8b38af93553b8e6a) Importer(815301076,1909f56bfc062723c751e8b465ee728b)
Start importing Assets/Quixel/3D_Assets/Wooden Bowl_uhblbb3jw/Models/Wooden Bowl_LOD4__uhblbb3jw.fbx using Guid(f801c45aa4ee445a8b38af93553b8e6a) Importer(815301076,1909f56bfc062723c751e8b465ee728b)  -> (artifact id: '663c99c8e06b8fed1c4335d1f17232e4') in 0.031158 seconds 
========================================================================
Received Import Request.
  Time since last request: 0.000048 seconds.
  path: Assets/Quixel/3D_Assets/Wooden Table_uc1kebzfa/Models/Wooden Table_LOD4__uc1kebzfa.fbx
  artifactKey: Guid(d80736c08f50546ee93c2dc23a354974) Importer(815301076,1909f56bfc062723c751e8b465ee728b)
Start importing Assets/Quixel/3D_Assets/Wooden Table_uc1kebzfa/Models/Wooden Table_LOD4__uc1kebzfa.fbx using Guid(d80736c08f50546ee93c2dc23a354974) Importer(815301076,1909f56bfc062723c751e8b465ee728b)  -> (artifact id: '10a49f0f3dad9b50aae5689ce33ea348') in 0.017732 seconds 
========================================================================
Received Import Request.
  Time since last request: 25.686436 seconds.
  path: Assets/New Shader Graph.shadergraph
  artifactKey: Guid(be20df8d3f1710f4582d6856c22197cc) Importer(815301076,1909f56bfc062723c751e8b465ee728b)
Start importing Assets/New Shader Graph.shadergraph using Guid(be20df8d3f1710f4582d6856c22197cc) Importer(815301076,1909f56bfc062723c751e8b465ee728b)  -> (artifact id: 'dc275a3e66fc996366d743ef2c6f99f2') in 0.034085 seconds 
========================================================================
Received Import Request.
  Time since last request: 15.858717 seconds.
  path: Assets/Shader/Shader Graphs_New Shader Graph.mat
  artifactKey: Guid(5c0856172db8a4360ab2bc2bb770ff40) Importer(815301076,1909f56bfc062723c751e8b465ee728b)
Start importing Assets/Shader/Shader Graphs_New Shader Graph.mat using Guid(5c0856172db8a4360ab2bc2bb770ff40) Importer(815301076,1909f56bfc062723c751e8b465ee728b)  -> (artifact id: '8240879f0bc879506122fc0d7d23cf65') in 0.786638 seconds 
========================================================================
Received Import Request.
  Time since last request: 187.615940 seconds.
  path: Assets/Shader/water_normal_01.jpeg
  artifactKey: Guid(3568f568419d6468988d24ba183be9ef) Importer(815301076,1909f56bfc062723c751e8b465ee728b)
Start importing Assets/Shader/water_normal_01.jpeg using Guid(3568f568419d6468988d24ba183be9ef) Importer(815301076,1909f56bfc062723c751e8b465ee728b)  -> (artifact id: 'e016e6fd500dc2d4d87ef807f4a20a02') in 0.061136 seconds 
========================================================================
Received Import Request.
  Time since last request: 35.565701 seconds.
  path: Assets/Shader/water_normal_02.jpg
  artifactKey: Guid(4f85164e2a5ff4290a651e1bff243f8c) Importer(815301076,1909f56bfc062723c751e8b465ee728b)
Start importing Assets/Shader/water_normal_02.jpg using Guid(4f85164e2a5ff4290a651e1bff243f8c) Importer(815301076,1909f56bfc062723c751e8b465ee728b)  -> (artifact id: 'a7265d48c8edc4fd296c8087e48184f8') in 0.048280 seconds 
========================================================================
Received Prepare
Registering precompiled user dll's ...
Registered in 0.004294 seconds.
Begin MonoManager ReloadAssembly
Thread 0x2b9687000 may have been prematurely finalized
Symbol file LoadedFromMemory doesn't match image /Users/alebrio/Documents/Politecnico/VPP/VPP_Shipwrecks_Shared/Shipwrecks_Project/Library/PackageCache/com.unity.visualscripting@1.8.0/Editor/VisualScripting.Core/Dependencies/DotNetZip/Unity.VisualScripting.IonicZip.dll
Symbol file LoadedFromMemory doesn't match image /Users/alebrio/Documents/Politecnico/VPP/VPP_Shipwrecks_Shared/Shipwrecks_Project/Library/PackageCache/com.unity.visualscripting@1.8.0/Editor/VisualScripting.Core/Dependencies/YamlDotNet/Unity.VisualScripting.YamlDotNet.dll
Native extension for Android target not found
Native extension for OSXStandalone target not found
Refreshing native plugins compatible for Editor in 0.95 ms, found 3 plugins.
Preloading 1 native plugins for Editor in 0.43 ms.
Mono: successfully reloaded assembly
- Completed reload, in  0.839 seconds
Domain Reload Profiling:
	ReloadAssembly (839ms)
		BeginReloadAssembly (126ms)
			ExecutionOrderSort (0ms)
			DisableScriptedObjects (6ms)
			BackupInstance (0ms)
			ReleaseScriptingObjects (0ms)
			CreateAndSetChildDomain (53ms)
		EndReloadAssembly (651ms)
			LoadAssemblies (43ms)
			RebuildTransferFunctionScriptingTraits (0ms)
			SetupTypeCache (206ms)
			ReleaseScriptCaches (2ms)
			RebuildScriptCaches (35ms)
			SetupLoadedEditorAssemblies (281ms)
				LogAssemblyErrors (0ms)
				InitializePlatformSupportModulesInManaged (9ms)
				SetLoadedEditorAssemblies (0ms)
				RefreshPlugins (1ms)
				BeforeProcessingInitializeOnLoad (56ms)
				ProcessInitializeOnLoadAttributes (170ms)
				ProcessInitializeOnLoadMethodAttributes (43ms)
				AfterProcessingInitializeOnLoad (1ms)
				EditorAssembliesLoaded (0ms)
			ExecutionOrderSort2 (0ms)
			AwakeInstancesAfterBackupRestoration (6ms)
Platform modules already initialized, skipping
Refreshing native plugins compatible for Editor in 2.64 ms, found 3 plugins.
Preloading 1 native plugins for Editor in 0.36 ms.
Unloading 5605 Unused Serialized files (Serialized files now loaded: 0)
Unloading 56 unused Assets / (0.6 MB). Loaded Objects now: 6279.
Memory consumption went from 275.9 MB to 275.3 MB.
Total: 3.197875 ms (FindLiveObjects: 0.196625 ms CreateObjectMapping: 0.072584 ms MarkObjects: 2.662583 ms  DeleteObjects: 0.265583 ms)

AssetImportParameters requested are different than current active one (requested -> active):
  custom:video-decoder-ogg-theora: a1e56fd34408186e4bbccfd4996cb3dc -> 
  custom:container-muxer-webm: aa71ff27fc2769a1b78a27578f13a17b -> 
  custom:container-demuxer-webm: 4f35f7cbe854078d1ac9338744f61a02 -> 
  custom:video-encoder-webm-vp8: eb34c28f22e8b96e1ab97ce403110664 -> 
  custom:framework-osx-AVFoundation: e770b220cccbd017edd2c1fefb359320 -> 
  custom:audio-encoder-webm-vorbis: bf7c407c2cedff20999df2af8eb42d56 -> 
  custom:SearchIndexIgnoredProperties: e643bd26f0fe6173181afceb89e7c659 -> 
  custom:container-demuxer-ogg: 62fdf1f143b41e24485cea50d1cbac27 -> 
  custom:video-decoder-webm-vp8: 9c59270c3fd7afecdb556c50c9e8de78 -> 
  custom:audio-decoder-ogg-vorbis: bf7c407c2cedff20999df2af8eb42d56 -> 
========================================================================
Received Import Request.
  Time since last request: 334.656180 seconds.
  path: Assets/Materials/Ocean_Shader
  artifactKey: Guid(6d20df4777112421cb8ad9d566371783) Importer(815301076,1909f56bfc062723c751e8b465ee728b)
Start importing Assets/Materials/Ocean_Shader using Guid(6d20df4777112421cb8ad9d566371783) Importer(815301076,1909f56bfc062723c751e8b465ee728b)  -> (artifact id: 'd0450ae289c94b7e452ea1e32d2b7524') in 0.045264 seconds 
========================================================================
Received Import Request.
  Time since last request: 18.978824 seconds.
  path: Assets/Materials/evening_road_01_puresky_2k.exr
  artifactKey: Guid(d5267ca6fc7ea45c69fcbeb2c06c09d3) Importer(815301076,1909f56bfc062723c751e8b465ee728b)
Start importing Assets/Materials/evening_road_01_puresky_2k.exr using Guid(d5267ca6fc7ea45c69fcbeb2c06c09d3) Importer(815301076,1909f56bfc062723c751e8b465ee728b)  -> (artifact id: 'd76f0336e963c10e254ba25e5ddbdad4') in 0.639554 seconds 
========================================================================
Received Import Request.
  Time since last request: 25.782788 seconds.
  path: Assets/Materials/Skybox.mat
  artifactKey: Guid(49fae0157f2284c1e938f25718ea96d0) Importer(815301076,1909f56bfc062723c751e8b465ee728b)
Start importing Assets/Materials/Skybox.mat using Guid(49fae0157f2284c1e938f25718ea96d0) Importer(815301076,1909f56bfc062723c751e8b465ee728b)  -> (artifact id: '058899d69787abcba4232d0991c7ad82') in 0.112415 seconds 
========================================================================
Received Import Request.
  Time since last request: 277.366092 seconds.
  path: Assets/Materials/Ocean_Shader
  artifactKey: Guid(6d20df4777112421cb8ad9d566371783) Importer(815301076,1909f56bfc062723c751e8b465ee728b)
Start importing Assets/Materials/Ocean_Shader using Guid(6d20df4777112421cb8ad9d566371783) Importer(815301076,1909f56bfc062723c751e8b465ee728b)  -> (artifact id: 'ffedc677ec8c3280b7290b52fcd30ba2') in 0.001936 seconds 
========================================================================
Received Import Request.
  Time since last request: 0.220767 seconds.
  path: Assets/Materials/Ocean_Shader/Shader Graphs_New Shader Graph.mat
  artifactKey: Guid(5c0856172db8a4360ab2bc2bb770ff40) Importer(815301076,1909f56bfc062723c751e8b465ee728b)
Start importing Assets/Materials/Ocean_Shader/Shader Graphs_New Shader Graph.mat using Guid(5c0856172db8a4360ab2bc2bb770ff40) Importer(815301076,1909f56bfc062723c751e8b465ee728b)  -> (artifact id: 'c434ba9ff7831f55d7a159acbc1ec26e') in 0.032601 seconds 
========================================================================
Received Import Request.
  Time since last request: 105.009380 seconds.
  path: Assets/Materials/Skybox
  artifactKey: Guid(23124042a9b46486582a5040e56e1efd) Importer(815301076,1909f56bfc062723c751e8b465ee728b)
Start importing Assets/Materials/Skybox using Guid(23124042a9b46486582a5040e56e1efd) Importer(815301076,1909f56bfc062723c751e8b465ee728b)  -> (artifact id: '954bd1dbb7db8912b857a7da743bdbd8') in 0.001006 seconds 
========================================================================
Received Import Request.
  Time since last request: 334.908011 seconds.
  path: Assets/3D_Models/Kanna2.fbx
  artifactKey: Guid(2fe09c9eaf0d04d60bc8ba9de138e233) Importer(815301076,1909f56bfc062723c751e8b465ee728b)
Start importing Assets/3D_Models/Kanna2.fbx using Guid(2fe09c9eaf0d04d60bc8ba9de138e233) Importer(815301076,1909f56bfc062723c751e8b465ee728b)  -> (artifact id: '0c70a4d113febafcc3da8508e4dbaa64') in 0.210894 seconds 
========================================================================
Received Import Request.
  Time since last request: 23.658993 seconds.
  path: Assets/3D_Models/Kanna2.fbx
  artifactKey: Guid(2fe09c9eaf0d04d60bc8ba9de138e233) Importer(815301076,1909f56bfc062723c751e8b465ee728b)
Start importing Assets/3D_Models/Kanna2.fbx using Guid(2fe09c9eaf0d04d60bc8ba9de138e233) Importer(815301076,1909f56bfc062723c751e8b465ee728b)  -> (artifact id: '6245c98a0b8738b07bc1b6fbf2032a02') in 0.146984 seconds 
========================================================================
Received Import Request.
  Time since last request: 36.887385 seconds.
  path: Assets/3D_Models/Kanna2.fbx
  artifactKey: Guid(2fe09c9eaf0d04d60bc8ba9de138e233) Importer(815301076,1909f56bfc062723c751e8b465ee728b)
Start importing Assets/3D_Models/Kanna2.fbx using Guid(2fe09c9eaf0d04d60bc8ba9de138e233) Importer(815301076,1909f56bfc062723c751e8b465ee728b)  -> (artifact id: '0727950bd10e27e3399dc2cf78217279') in 0.230780 seconds 
========================================================================
Received Import Request.
  Time since last request: 797.903686 seconds.
  path: Assets/3D_Models/Kanna_brocc
  artifactKey: Guid(90c3d2a17ecc94ab988872949c7fc68f) Importer(815301076,1909f56bfc062723c751e8b465ee728b)
Start importing Assets/3D_Models/Kanna_brocc using Guid(90c3d2a17ecc94ab988872949c7fc68f) Importer(815301076,1909f56bfc062723c751e8b465ee728b)  -> (artifact id: '59bedf864ee4ae62260ffff30bc85e4e') in 0.002837 seconds 
========================================================================
Received Import Request.
  Time since last request: 1887.428802 seconds.
  path: Assets/Resources/ONSPSettings.asset
  artifactKey: Guid(df24fdf00d9ad42acb07493bcf2cee4e) Importer(815301076,1909f56bfc062723c751e8b465ee728b)
Start importing Assets/Resources/ONSPSettings.asset using Guid(df24fdf00d9ad42acb07493bcf2cee4e) Importer(815301076,1909f56bfc062723c751e8b465ee728b)  -> (artifact id: '611c8658b347bd58808279aea1d03e5e') in 0.006544 seconds 
========================================================================
Received Import Request.
  Time since last request: 10.250348 seconds.
  path: Assets/Shipwreck
  artifactKey: Guid(4432211f156b34b21942d3dce6b5ed04) Importer(815301076,1909f56bfc062723c751e8b465ee728b)
Start importing Assets/Shipwreck using Guid(4432211f156b34b21942d3dce6b5ed04) Importer(815301076,1909f56bfc062723c751e8b465ee728b)  -> (artifact id: '2c038b0dc03d914c31ca561d8610b30c') in 0.002746 seconds 
========================================================================
Received Import Request.
  Time since last request: 37.918353 seconds.
  path: Assets/Nokobot/ColonialShip/02_Prefabs/Colonial Ship.prefab
  artifactKey: Guid(f855683b127eede4c9d170be2672ae27) Importer(815301076,1909f56bfc062723c751e8b465ee728b)
Start importing Assets/Nokobot/ColonialShip/02_Prefabs/Colonial Ship.prefab using Guid(f855683b127eede4c9d170be2672ae27) Importer(815301076,1909f56bfc062723c751e8b465ee728b)  -> (artifact id: 'b2fb7f2cc9a462235e0b8f316cee2b42') in 0.179254 seconds 
========================================================================
Received Import Request.
  Time since last request: 0.000057 seconds.
  path: Assets/Nokobot/ColonialShip/02_Prefabs/Colonial Ship_Empty.prefab
  artifactKey: Guid(1b78331b52629c7479714da987b1a28b) Importer(815301076,1909f56bfc062723c751e8b465ee728b)
Start importing Assets/Nokobot/ColonialShip/02_Prefabs/Colonial Ship_Empty.prefab using Guid(1b78331b52629c7479714da987b1a28b) Importer(815301076,1909f56bfc062723c751e8b465ee728b)  -> (artifact id: '8ff4dd8b2665dd9d1fd25d4b52328f3b') in 0.059171 seconds 
========================================================================
Received Import Request.
  Time since last request: 1.709403 seconds.
  path: Assets/Nokobot/ColonialShip
  artifactKey: Guid(59932a91b4270a94491f680d2b2ddb6c) Importer(815301076,1909f56bfc062723c751e8b465ee728b)
Start importing Assets/Nokobot/ColonialShip using Guid(59932a91b4270a94491f680d2b2ddb6c) Importer(815301076,1909f56bfc062723c751e8b465ee728b)  -> (artifact id: 'fd8f35a90e05c64c570eb1a53135822a') in 0.002874 seconds 
========================================================================
Received Import Request.
  Time since last request: 33.371900 seconds.
  path: Assets/Nokobot
  artifactKey: Guid(fae951294467c40e9b76fc59065615c9) Importer(815301076,1909f56bfc062723c751e8b465ee728b)
Start importing Assets/Nokobot using Guid(fae951294467c40e9b76fc59065615c9) Importer(815301076,1909f56bfc062723c751e8b465ee728b)  -> (artifact id: '61f757239e76b61c772e4f70763d2ddf') in 0.001504 seconds 
========================================================================
Received Import Request.
  Time since last request: 1.040631 seconds.
  path: Assets/Nokobot/ColonialShip/ShipProfile.asset
  artifactKey: Guid(1e6f7f52d3a929c4188b5f2a36cbef90) Importer(815301076,1909f56bfc062723c751e8b465ee728b)
Start importing Assets/Nokobot/ColonialShip/ShipProfile.asset using Guid(1e6f7f52d3a929c4188b5f2a36cbef90) Importer(815301076,1909f56bfc062723c751e8b465ee728b)  -> (artifact id: '19c5df1dc83d3cbab81126fb321df59e') in 0.003150 seconds 
========================================================================
Received Import Request.
  Time since last request: 2.549077 seconds.
  path: Assets/Nokobot/ColonialShip/04_Materials
  artifactKey: Guid(f9d7fad9ed663d9458b5c24ea5bcc5b0) Importer(815301076,1909f56bfc062723c751e8b465ee728b)
Start importing Assets/Nokobot/ColonialShip/04_Materials using Guid(f9d7fad9ed663d9458b5c24ea5bcc5b0) Importer(815301076,1909f56bfc062723c751e8b465ee728b)  -> (artifact id: '05046a02b83acf9038bc40bd996a4203') in 0.001839 seconds 
========================================================================
Received Import Request.
  Time since last request: 0.103342 seconds.
  path: Assets/Nokobot/ColonialShip/04_Materials/Barrels_Material.mat
  artifactKey: Guid(8f370c45d44325d49bd5efd3054357bc) Importer(815301076,1909f56bfc062723c751e8b465ee728b)
Start importing Assets/Nokobot/ColonialShip/04_Materials/Barrels_Material.mat using Guid(8f370c45d44325d49bd5efd3054357bc) Importer(815301076,1909f56bfc062723c751e8b465ee728b)  -> (artifact id: 'ed74d8ad80c1ae0ac2eb2a3fabe40b08') in 0.015581 seconds 
========================================================================
Received Import Request.
  Time since last request: 0.000055 seconds.
  path: Assets/Nokobot/ColonialShip/04_Materials/Floor+Wheel.mat
  artifactKey: Guid(c7bc5e5842555b24cbb1f4399cce304d) Importer(815301076,1909f56bfc062723c751e8b465ee728b)
Start importing Assets/Nokobot/ColonialShip/04_Materials/Floor+Wheel.mat using Guid(c7bc5e5842555b24cbb1f4399cce304d) Importer(815301076,1909f56bfc062723c751e8b465ee728b)  -> (artifact id: 'cb8a370a3d659d8ba6f02705a2bbe801') in 0.010049 seconds 
========================================================================
Received Import Request.
  Time since last request: 0.000070 seconds.
  path: Assets/Nokobot/ColonialShip/04_Materials/Sails_01.mat
  artifactKey: Guid(568dfe6c51337dd49862d481ee2768bd) Importer(815301076,1909f56bfc062723c751e8b465ee728b)
Start importing Assets/Nokobot/ColonialShip/04_Materials/Sails_01.mat using Guid(568dfe6c51337dd49862d481ee2768bd) Importer(815301076,1909f56bfc062723c751e8b465ee728b)  -> (artifact id: 'f82c8f14be1272b6867870eae07da3d6') in 0.008018 seconds 
========================================================================
Received Import Request.
  Time since last request: 0.000053 seconds.
  path: Assets/Nokobot/ColonialShip/04_Materials/Ship_Body.mat
  artifactKey: Guid(daa54009edd725a408e4cc1024d9806d) Importer(815301076,1909f56bfc062723c751e8b465ee728b)
Start importing Assets/Nokobot/ColonialShip/04_Materials/Ship_Body.mat using Guid(daa54009edd725a408e4cc1024d9806d) Importer(815301076,1909f56bfc062723c751e8b465ee728b)  -> (artifact id: '9d77b59d6eecdb04f239fa19e6eaf49f') in 0.008351 seconds 
========================================================================
Received Import Request.
  Time since last request: 0.000040 seconds.
  path: Assets/Nokobot/ColonialShip/04_Materials/Hatches+Stairs.mat
  artifactKey: Guid(75fbb9604bc484f4a8f12999cf418f77) Importer(815301076,1909f56bfc062723c751e8b465ee728b)
Start importing Assets/Nokobot/ColonialShip/04_Materials/Hatches+Stairs.mat using Guid(75fbb9604bc484f4a8f12999cf418f77) Importer(815301076,1909f56bfc062723c751e8b465ee728b)  -> (artifact id: '27ad260a00a270ecc73c0cb4d1917e6e') in 0.008341 seconds 
========================================================================
Received Import Request.
  Time since last request: 0.000049 seconds.
  path: Assets/Nokobot/ColonialShip/04_Materials/Ropes.mat
  artifactKey: Guid(a3f4da7b2a4564b449ed8be9b3941316) Importer(815301076,1909f56bfc062723c751e8b465ee728b)
Start importing Assets/Nokobot/ColonialShip/04_Materials/Ropes.mat using Guid(a3f4da7b2a4564b449ed8be9b3941316) Importer(815301076,1909f56bfc062723c751e8b465ee728b)  -> (artifact id: 'd37f3cf1f4eb82ce23d25136c306d17e') in 0.006073 seconds 
========================================================================
Received Import Request.
  Time since last request: 0.000055 seconds.
  path: Assets/Nokobot/ColonialShip/04_Materials/Sails_Jib+Back.mat
  artifactKey: Guid(3ddd297bea76a354b8efb54f70edc2a0) Importer(815301076,1909f56bfc062723c751e8b465ee728b)
Start importing Assets/Nokobot/ColonialShip/04_Materials/Sails_Jib+Back.mat using Guid(3ddd297bea76a354b8efb54f70edc2a0) Importer(815301076,1909f56bfc062723c751e8b465ee728b)  -> (artifact id: '4672170cd5be63a15dc856e4308cd464') in 0.007322 seconds 
========================================================================
Received Import Request.
  Time since last request: 0.000064 seconds.
  path: Assets/Nokobot/ColonialShip/04_Materials/Staircase.mat
  artifactKey: Guid(d4aa2007a76206a43b9c6005fa700578) Importer(815301076,1909f56bfc062723c751e8b465ee728b)
Start importing Assets/Nokobot/ColonialShip/04_Materials/Staircase.mat using Guid(d4aa2007a76206a43b9c6005fa700578) Importer(815301076,1909f56bfc062723c751e8b465ee728b)  -> (artifact id: '96d24287f1f3f45cbdc312531979a1ee') in 0.007049 seconds 
========================================================================
Received Import Request.
  Time since last request: 0.000052 seconds.
  path: Assets/Nokobot/ColonialShip/04_Materials/Rig.mat
  artifactKey: Guid(59469521f896d164898146b28196cd8a) Importer(815301076,1909f56bfc062723c751e8b465ee728b)
Start importing Assets/Nokobot/ColonialShip/04_Materials/Rig.mat using Guid(59469521f896d164898146b28196cd8a) Importer(815301076,1909f56bfc062723c751e8b465ee728b)  -> (artifact id: '640eb46bc7aec019b9476d54a0ada5a5') in 0.007212 seconds 
========================================================================
Received Import Request.
  Time since last request: 0.007236 seconds.
  path: Assets/Nokobot/ColonialShip/04_Materials/Sails_02+Ladders+Foremast.mat
  artifactKey: Guid(903c58336e056674dbf66d57288058b5) Importer(815301076,1909f56bfc062723c751e8b465ee728b)
Start importing Assets/Nokobot/ColonialShip/04_Materials/Sails_02+Ladders+Foremast.mat using Guid(903c58336e056674dbf66d57288058b5) Importer(815301076,1909f56bfc062723c751e8b465ee728b)  -> (artifact id: '064ccc7cc2ff5f745911d11d6d4a5096') in 0.010453 seconds 
========================================================================
Received Import Request.
  Time since last request: 1.796498 seconds.
  path: Assets/Nokobot/ColonialShip/03_Models
  artifactKey: Guid(89e25f148048e8040b9826e018345a3a) Importer(815301076,1909f56bfc062723c751e8b465ee728b)
Start importing Assets/Nokobot/ColonialShip/03_Models using Guid(89e25f148048e8040b9826e018345a3a) Importer(815301076,1909f56bfc062723c751e8b465ee728b)  -> (artifact id: 'fe0a5ea16de5c9bded4cf12eefeec1c2') in 0.002694 seconds 
========================================================================
Received Import Request.
  Time since last request: 14.585758 seconds.
  path: Assets/Nokobot/ColonialShip/01_Scenes
  artifactKey: Guid(287b19810faa9224db6fe79a3b8a8643) Importer(815301076,1909f56bfc062723c751e8b465ee728b)
Start importing Assets/Nokobot/ColonialShip/01_Scenes using Guid(287b19810faa9224db6fe79a3b8a8643) Importer(815301076,1909f56bfc062723c751e8b465ee728b)  -> (artifact id: '9bfc5a3e3fb01659a1adf6c1ac13793f') in 0.001227 seconds 
========================================================================
Received Import Request.
  Time since last request: 2.830742 seconds.
  path: Assets/Nokobot/ColonialShip/02_Prefabs
  artifactKey: Guid(d93bd7899a763284cad8819f856b4ae3) Importer(815301076,1909f56bfc062723c751e8b465ee728b)
Start importing Assets/Nokobot/ColonialShip/02_Prefabs using Guid(d93bd7899a763284cad8819f856b4ae3) Importer(815301076,1909f56bfc062723c751e8b465ee728b)  -> (artifact id: 'f7c2c047b0d82d5efaedd30be41cd2c4') in 0.002242 seconds 
========================================================================
Received Import Request.
  Time since last request: 71.437757 seconds.
  path: Assets/Nokobot/ColonialShip/02_Prefabs/Extra Items
  artifactKey: Guid(865a532c650b6374f91f733beedf089f) Importer(815301076,1909f56bfc062723c751e8b465ee728b)
Start importing Assets/Nokobot/ColonialShip/02_Prefabs/Extra Items using Guid(865a532c650b6374f91f733beedf089f) Importer(815301076,1909f56bfc062723c751e8b465ee728b)  -> (artifact id: '61706d1698e7afe7c035bfe8ed44ef94') in 0.001572 seconds 
========================================================================
Received Import Request.
  Time since last request: 12.919609 seconds.
  path: Assets/Nokobot/ColonialShip/05_Textures/Barrels.png
  artifactKey: Guid(83dc34ad4cf86904395652d06f6557f6) Importer(815301076,1909f56bfc062723c751e8b465ee728b)
Start importing Assets/Nokobot/ColonialShip/05_Textures/Barrels.png using Guid(83dc34ad4cf86904395652d06f6557f6) Importer(815301076,1909f56bfc062723c751e8b465ee728b)  -> (artifact id: '865736415ef3c02abc18efa0098fb882') in 0.014747 seconds 
========================================================================
Received Import Request.
  Time since last request: 0.000057 seconds.
  path: Assets/Nokobot/ColonialShip/05_Textures/Window_Glasses.png
  artifactKey: Guid(7bf81d9bfba22794e8af56c16d7fe0f8) Importer(815301076,1909f56bfc062723c751e8b465ee728b)
Start importing Assets/Nokobot/ColonialShip/05_Textures/Window_Glasses.png using Guid(7bf81d9bfba22794e8af56c16d7fe0f8) Importer(815301076,1909f56bfc062723c751e8b465ee728b)  -> (artifact id: '71d75eb96308539a983452c41548a70f') in 0.007715 seconds 
========================================================================
Received Import Request.
  Time since last request: 0.000069 seconds.
  path: Assets/Nokobot/ColonialShip/05_Textures/Lanterns+sandbags.png
  artifactKey: Guid(7b46b05f2e8a34d4ab0c6f36a0b1b936) Importer(815301076,1909f56bfc062723c751e8b465ee728b)
Start importing Assets/Nokobot/ColonialShip/05_Textures/Lanterns+sandbags.png using Guid(7b46b05f2e8a34d4ab0c6f36a0b1b936) Importer(815301076,1909f56bfc062723c751e8b465ee728b)  -> (artifact id: 'ac0043b206a52a35842965301f07aade') in 0.009548 seconds 
========================================================================
Received Import Request.
  Time since last request: 0.000057 seconds.
  path: Assets/Nokobot/ColonialShip/05_Textures/Floor+Wheel.png
  artifactKey: Guid(9040ca56aebb96e46afbae68bf875e99) Importer(815301076,1909f56bfc062723c751e8b465ee728b)
Start importing Assets/Nokobot/ColonialShip/05_Textures/Floor+Wheel.png using Guid(9040ca56aebb96e46afbae68bf875e99) Importer(815301076,1909f56bfc062723c751e8b465ee728b)  -> (artifact id: '24297b35012f3af53c3f96e9226c2d3d') in 0.023022 seconds 
========================================================================
Received Import Request.
  Time since last request: 0.000048 seconds.
  path: Assets/Nokobot/ColonialShip/05_Textures/Ropes.png
  artifactKey: Guid(9c204c4cf97f42242870a5e072da891c) Importer(815301076,1909f56bfc062723c751e8b465ee728b)
Start importing Assets/Nokobot/ColonialShip/05_Textures/Ropes.png using Guid(9c204c4cf97f42242870a5e072da891c) Importer(815301076,1909f56bfc062723c751e8b465ee728b)  -> (artifact id: 'ff3e11234b950ebe515a95355a1a0c13') in 0.008661 seconds 
========================================================================
Received Import Request.
  Time since last request: 0.000055 seconds.
  path: Assets/Nokobot/ColonialShip/05_Textures/Staircase.png
  artifactKey: Guid(e59a6fdd9bccf7b47a533586d3ca8999) Importer(815301076,1909f56bfc062723c751e8b465ee728b)
Start importing Assets/Nokobot/ColonialShip/05_Textures/Staircase.png using Guid(e59a6fdd9bccf7b47a533586d3ca8999) Importer(815301076,1909f56bfc062723c751e8b465ee728b)  -> (artifact id: 'a6413ccbdf92320d4cf3a1422331288b') in 0.007706 seconds 
========================================================================
Received Import Request.
  Time since last request: 0.000065 seconds.
  path: Assets/Nokobot/ColonialShip/05_Textures/Sails_Jib+Back.png
  artifactKey: Guid(fa663db133e5553479f06681446c4bf5) Importer(815301076,1909f56bfc062723c751e8b465ee728b)
Start importing Assets/Nokobot/ColonialShip/05_Textures/Sails_Jib+Back.png using Guid(fa663db133e5553479f06681446c4bf5) Importer(815301076,1909f56bfc062723c751e8b465ee728b)  -> (artifact id: '901c24cacc5ededae4f1e5a19ed3206e') in 0.006726 seconds 
========================================================================
Received Import Request.
  Time since last request: 0.000098 seconds.
  path: Assets/Nokobot/ColonialShip/05_Textures/Fin+Basket+Doors.png
  artifactKey: Guid(be495abaf0c84c843b44732896ce3033) Importer(815301076,1909f56bfc062723c751e8b465ee728b)
Start importing Assets/Nokobot/ColonialShip/05_Textures/Fin+Basket+Doors.png using Guid(be495abaf0c84c843b44732896ce3033) Importer(815301076,1909f56bfc062723c751e8b465ee728b)  -> (artifact id: '58c503a1836adba8a3e5a4f528bd3530') in 0.007334 seconds 
========================================================================
Received Import Request.
  Time since last request: 0.000080 seconds.
  path: Assets/Nokobot/ColonialShip/05_Textures/Sails_01.png
  artifactKey: Guid(89838c85a72877a4597704c3ae4ac154) Importer(815301076,1909f56bfc062723c751e8b465ee728b)
Start importing Assets/Nokobot/ColonialShip/05_Textures/Sails_01.png using Guid(89838c85a72877a4597704c3ae4ac154) Importer(815301076,1909f56bfc062723c751e8b465ee728b)  -> (artifact id: '611203f72c0d4b1636a80093074c404a') in 0.007708 seconds 
========================================================================
Received Import Request.
  Time since last request: 0.000056 seconds.
  path: Assets/Nokobot/ColonialShip/05_Textures/Mast_02.png
  artifactKey: Guid(0d73393e2d397614a9b8ce83bf228f8f) Importer(815301076,1909f56bfc062723c751e8b465ee728b)
Start importing Assets/Nokobot/ColonialShip/05_Textures/Mast_02.png using Guid(0d73393e2d397614a9b8ce83bf228f8f) Importer(815301076,1909f56bfc062723c751e8b465ee728b)  -> (artifact id: 'e2e79f4336966d617de48e4e66bfeb51') in 0.008054 seconds 
========================================================================
Received Import Request.
  Time since last request: 0.000049 seconds.
  path: Assets/Nokobot/ColonialShip/05_Textures/Sails_02+Ladders+Foremast.png
  artifactKey: Guid(08f2d180d569c8345af7971fc1be09e8) Importer(815301076,1909f56bfc062723c751e8b465ee728b)
Start importing Assets/Nokobot/ColonialShip/05_Textures/Sails_02+Ladders+Foremast.png using Guid(08f2d180d569c8345af7971fc1be09e8) Importer(815301076,1909f56bfc062723c751e8b465ee728b)  -> (artifact id: '29dc6ef343f0efe3a33e2ee4a8b5a806') in 0.008771 seconds 
========================================================================
Received Import Request.
  Time since last request: 63.804005 seconds.
  path: Assets/Nokobot/ColonialShip/05_Textures
  artifactKey: Guid(93c7327dfb2c3f74ebd38879728c2714) Importer(815301076,1909f56bfc062723c751e8b465ee728b)
Start importing Assets/Nokobot/ColonialShip/05_Textures using Guid(93c7327dfb2c3f74ebd38879728c2714) Importer(815301076,1909f56bfc062723c751e8b465ee728b)  -> (artifact id: '1d39ffaffa98fe6356dda82e7add1ef3') in 0.001437 seconds 
========================================================================
Received Import Request.
  Time since last request: 313.943062 seconds.
  path: Assets/Shipwreck/Materials/Letter_upscaled.mat
  artifactKey: Guid(7ca111382d1004fceb007df32ecf3e01) Importer(815301076,1909f56bfc062723c751e8b465ee728b)
Start importing Assets/Shipwreck/Materials/Letter_upscaled.mat using Guid(7ca111382d1004fceb007df32ecf3e01) Importer(815301076,1909f56bfc062723c751e8b465ee728b)  -> (artifact id: '2dcf82aa2e010ca45052717523a86210') in 0.065662 seconds 
========================================================================
Received Import Request.
  Time since last request: 27.459567 seconds.
  path: Assets/Shipwreck/Materials/WASA_Blueprint_upscaled.png
  artifactKey: Guid(a604aa53d453f4584adf9daeae095ec1) Importer(815301076,1909f56bfc062723c751e8b465ee728b)
Start importing Assets/Shipwreck/Materials/WASA_Blueprint_upscaled.png using Guid(a604aa53d453f4584adf9daeae095ec1) Importer(815301076,1909f56bfc062723c751e8b465ee728b)  -> (artifact id: '98dcba221f0aeb35ed6ed8883f1e3d39') in 0.012804 seconds 
========================================================================
Received Import Request.
  Time since last request: 6.368465 seconds.
  path: Assets/Shipwreck/Materials/Letter_upscaled 1.mat
  artifactKey: Guid(c0a694724e85244cb9cf24fa99d0c261) Importer(815301076,1909f56bfc062723c751e8b465ee728b)
Start importing Assets/Shipwreck/Materials/Letter_upscaled 1.mat using Guid(c0a694724e85244cb9cf24fa99d0c261) Importer(815301076,1909f56bfc062723c751e8b465ee728b)  -> (artifact id: '4247c60370e602609f3a710e1d330dc1') in 0.018619 seconds 
========================================================================
Received Import Request.
  Time since last request: 13.652077 seconds.
  path: Assets/Shipwreck/Materials/WASA_Blueprint.mat
  artifactKey: Guid(c0a694724e85244cb9cf24fa99d0c261) Importer(815301076,1909f56bfc062723c751e8b465ee728b)
Start importing Assets/Shipwreck/Materials/WASA_Blueprint.mat using Guid(c0a694724e85244cb9cf24fa99d0c261) Importer(815301076,1909f56bfc062723c751e8b465ee728b)  -> (artifact id: 'fd1b8c32f1973b3524cff4d9daef35c9') in 0.009279 seconds 
========================================================================
Received Import Request.
  Time since last request: 245.862506 seconds.
  path: Assets/Shipwreck/Materials/WASA_Blueprint.mat
  artifactKey: Guid(c0a694724e85244cb9cf24fa99d0c261) Importer(815301076,1909f56bfc062723c751e8b465ee728b)
Start importing Assets/Shipwreck/Materials/WASA_Blueprint.mat using Guid(c0a694724e85244cb9cf24fa99d0c261) Importer(815301076,1909f56bfc062723c751e8b465ee728b)  -> (artifact id: '2d829218e0ed4ea9313522c43087c514') in 0.025362 seconds 
========================================================================
Received Prepare
Registering precompiled user dll's ...
Registered in 0.003568 seconds.
Begin MonoManager ReloadAssembly
Thread 0x2a1487000 may have been prematurely finalized
Symbol file LoadedFromMemory doesn't match image /Users/alebrio/Documents/Politecnico/VPP/VPP_Shipwrecks_Shared/Shipwrecks_Project/Library/PackageCache/com.unity.visualscripting@1.8.0/Editor/VisualScripting.Core/Dependencies/DotNetZip/Unity.VisualScripting.IonicZip.dll
Symbol file LoadedFromMemory doesn't match image /Users/alebrio/Documents/Politecnico/VPP/VPP_Shipwrecks_Shared/Shipwrecks_Project/Library/PackageCache/com.unity.visualscripting@1.8.0/Editor/VisualScripting.Core/Dependencies/YamlDotNet/Unity.VisualScripting.YamlDotNet.dll
Native extension for Android target not found
Native extension for OSXStandalone target not found
Refreshing native plugins compatible for Editor in 0.90 ms, found 3 plugins.
Preloading 1 native plugins for Editor in 0.45 ms.
Mono: successfully reloaded assembly
- Completed reload, in  0.809 seconds
Domain Reload Profiling:
	ReloadAssembly (810ms)
		BeginReloadAssembly (122ms)
			ExecutionOrderSort (0ms)
			DisableScriptedObjects (6ms)
			BackupInstance (0ms)
			ReleaseScriptingObjects (0ms)
			CreateAndSetChildDomain (63ms)
		EndReloadAssembly (631ms)
			LoadAssemblies (44ms)
			RebuildTransferFunctionScriptingTraits (0ms)
			SetupTypeCache (199ms)
			ReleaseScriptCaches (2ms)
			RebuildScriptCaches (35ms)
			SetupLoadedEditorAssemblies (269ms)
				LogAssemblyErrors (0ms)
				InitializePlatformSupportModulesInManaged (9ms)
				SetLoadedEditorAssemblies (0ms)
				RefreshPlugins (1ms)
				BeforeProcessingInitializeOnLoad (52ms)
				ProcessInitializeOnLoadAttributes (161ms)
				ProcessInitializeOnLoadMethodAttributes (43ms)
				AfterProcessingInitializeOnLoad (1ms)
				EditorAssembliesLoaded (0ms)
			ExecutionOrderSort2 (0ms)
			AwakeInstancesAfterBackupRestoration (6ms)
Platform modules already initialized, skipping
Refreshing native plugins compatible for Editor in 3.32 ms, found 3 plugins.
Preloading 1 native plugins for Editor in 0.42 ms.
Unloading 5604 Unused Serialized files (Serialized files now loaded: 0)
Unloading 56 unused Assets / (0.7 MB). Loaded Objects now: 6327.
Memory consumption went from 280.8 MB to 280.2 MB.
Total: 2.986167 ms (FindLiveObjects: 0.188625 ms CreateObjectMapping: 0.074958 ms MarkObjects: 2.460834 ms  DeleteObjects: 0.260917 ms)

AssetImportParameters requested are different than current active one (requested -> active):
  custom:video-decoder-ogg-theora: a1e56fd34408186e4bbccfd4996cb3dc -> 
  custom:container-muxer-webm: aa71ff27fc2769a1b78a27578f13a17b -> 
  custom:container-demuxer-webm: 4f35f7cbe854078d1ac9338744f61a02 -> 
  custom:video-encoder-webm-vp8: eb34c28f22e8b96e1ab97ce403110664 -> 
  custom:framework-osx-AVFoundation: e770b220cccbd017edd2c1fefb359320 -> 
  custom:audio-encoder-webm-vorbis: bf7c407c2cedff20999df2af8eb42d56 -> 
  custom:SearchIndexIgnoredProperties: e643bd26f0fe6173181afceb89e7c659 -> 
  custom:container-demuxer-ogg: 62fdf1f143b41e24485cea50d1cbac27 -> 
  custom:video-decoder-webm-vp8: 9c59270c3fd7afecdb556c50c9e8de78 -> 
  custom:audio-decoder-ogg-vorbis: bf7c407c2cedff20999df2af8eb42d56 -> 
========================================================================
Received Prepare
Registering precompiled user dll's ...
Registered in 0.004598 seconds.
Begin MonoManager ReloadAssembly
Thread 0x16e3e7000 may have been prematurely finalized
Symbol file LoadedFromMemory doesn't match image /Users/alebrio/Documents/Politecnico/VPP/VPP_Shipwrecks_Shared/Shipwrecks_Project/Library/PackageCache/com.unity.visualscripting@1.8.0/Editor/VisualScripting.Core/Dependencies/DotNetZip/Unity.VisualScripting.IonicZip.dll
Symbol file LoadedFromMemory doesn't match image /Users/alebrio/Documents/Politecnico/VPP/VPP_Shipwrecks_Shared/Shipwrecks_Project/Library/PackageCache/com.unity.visualscripting@1.8.0/Editor/VisualScripting.Core/Dependencies/YamlDotNet/Unity.VisualScripting.YamlDotNet.dll
Native extension for Android target not found
Native extension for OSXStandalone target not found
Refreshing native plugins compatible for Editor in 0.90 ms, found 3 plugins.
Preloading 1 native plugins for Editor in 0.47 ms.
Mono: successfully reloaded assembly
- Completed reload, in  0.683 seconds
Domain Reload Profiling:
	ReloadAssembly (684ms)
		BeginReloadAssembly (81ms)
			ExecutionOrderSort (0ms)
			DisableScriptedObjects (3ms)
			BackupInstance (0ms)
			ReleaseScriptingObjects (0ms)
			CreateAndSetChildDomain (33ms)
		EndReloadAssembly (551ms)
			LoadAssemblies (38ms)
			RebuildTransferFunctionScriptingTraits (0ms)
			SetupTypeCache (162ms)
			ReleaseScriptCaches (1ms)
			RebuildScriptCaches (29ms)
			SetupLoadedEditorAssemblies (240ms)
				LogAssemblyErrors (0ms)
				InitializePlatformSupportModulesInManaged (8ms)
				SetLoadedEditorAssemblies (0ms)
				RefreshPlugins (1ms)
				BeforeProcessingInitializeOnLoad (51ms)
				ProcessInitializeOnLoadAttributes (139ms)
				ProcessInitializeOnLoadMethodAttributes (38ms)
				AfterProcessingInitializeOnLoad (1ms)
				EditorAssembliesLoaded (0ms)
			ExecutionOrderSort2 (0ms)
			AwakeInstancesAfterBackupRestoration (6ms)
Platform modules already initialized, skipping
Refreshing native plugins compatible for Editor in 2.71 ms, found 3 plugins.
Preloading 1 native plugins for Editor in 0.40 ms.
Unloading 5605 Unused Serialized files (Serialized files now loaded: 0)
Unloading 56 unused Assets / (0.6 MB). Loaded Objects now: 6332.
Memory consumption went from 280.9 MB to 280.2 MB.
Total: 3.225500 ms (FindLiveObjects: 0.197500 ms CreateObjectMapping: 0.072625 ms MarkObjects: 2.666292 ms  DeleteObjects: 0.288417 ms)

AssetImportParameters requested are different than current active one (requested -> active):
  custom:video-decoder-ogg-theora: a1e56fd34408186e4bbccfd4996cb3dc -> 
  custom:container-muxer-webm: aa71ff27fc2769a1b78a27578f13a17b -> 
  custom:container-demuxer-webm: 4f35f7cbe854078d1ac9338744f61a02 -> 
  custom:video-encoder-webm-vp8: eb34c28f22e8b96e1ab97ce403110664 -> 
  custom:framework-osx-AVFoundation: e770b220cccbd017edd2c1fefb359320 -> 
  custom:audio-encoder-webm-vorbis: bf7c407c2cedff20999df2af8eb42d56 -> 
  custom:SearchIndexIgnoredProperties: e643bd26f0fe6173181afceb89e7c659 -> 
  custom:container-demuxer-ogg: 62fdf1f143b41e24485cea50d1cbac27 -> 
  custom:video-decoder-webm-vp8: 9c59270c3fd7afecdb556c50c9e8de78 -> 
  custom:audio-decoder-ogg-vorbis: bf7c407c2cedff20999df2af8eb42d56 -> 
========================================================================
Received Prepare
Registering precompiled user dll's ...
Registered in 0.004176 seconds.
Begin MonoManager ReloadAssembly
Thread 0x16e3e7000 may have been prematurely finalized
Symbol file LoadedFromMemory doesn't match image /Users/alebrio/Documents/Politecnico/VPP/VPP_Shipwrecks_Shared/Shipwrecks_Project/Library/PackageCache/com.unity.visualscripting@1.8.0/Editor/VisualScripting.Core/Dependencies/DotNetZip/Unity.VisualScripting.IonicZip.dll
Symbol file LoadedFromMemory doesn't match image /Users/alebrio/Documents/Politecnico/VPP/VPP_Shipwrecks_Shared/Shipwrecks_Project/Library/PackageCache/com.unity.visualscripting@1.8.0/Editor/VisualScripting.Core/Dependencies/YamlDotNet/Unity.VisualScripting.YamlDotNet.dll
Native extension for Android target not found
Native extension for OSXStandalone target not found
Refreshing native plugins compatible for Editor in 0.75 ms, found 3 plugins.
Preloading 1 native plugins for Editor in 0.43 ms.
Mono: successfully reloaded assembly
- Completed reload, in  0.700 seconds
Domain Reload Profiling:
	ReloadAssembly (700ms)
		BeginReloadAssembly (77ms)
			ExecutionOrderSort (0ms)
			DisableScriptedObjects (3ms)
			BackupInstance (0ms)
			ReleaseScriptingObjects (0ms)
			CreateAndSetChildDomain (33ms)
		EndReloadAssembly (568ms)
			LoadAssemblies (36ms)
			RebuildTransferFunctionScriptingTraits (0ms)
			SetupTypeCache (171ms)
			ReleaseScriptCaches (1ms)
			RebuildScriptCaches (30ms)
			SetupLoadedEditorAssemblies (248ms)
				LogAssemblyErrors (0ms)
				InitializePlatformSupportModulesInManaged (8ms)
				SetLoadedEditorAssemblies (0ms)
				RefreshPlugins (1ms)
				BeforeProcessingInitializeOnLoad (51ms)
				ProcessInitializeOnLoadAttributes (145ms)
				ProcessInitializeOnLoadMethodAttributes (41ms)
				AfterProcessingInitializeOnLoad (1ms)
				EditorAssembliesLoaded (0ms)
			ExecutionOrderSort2 (0ms)
			AwakeInstancesAfterBackupRestoration (6ms)
Platform modules already initialized, skipping
Refreshing native plugins compatible for Editor in 2.45 ms, found 3 plugins.
Preloading 1 native plugins for Editor in 0.34 ms.
Unloading 5605 Unused Serialized files (Serialized files now loaded: 0)
Unloading 56 unused Assets / (0.6 MB). Loaded Objects now: 6337.
Memory consumption went from 280.9 MB to 280.2 MB.
Total: 2.901125 ms (FindLiveObjects: 0.194375 ms CreateObjectMapping: 0.069750 ms MarkObjects: 2.388125 ms  DeleteObjects: 0.248292 ms)

AssetImportParameters requested are different than current active one (requested -> active):
  custom:video-decoder-ogg-theora: a1e56fd34408186e4bbccfd4996cb3dc -> 
  custom:container-muxer-webm: aa71ff27fc2769a1b78a27578f13a17b -> 
  custom:container-demuxer-webm: 4f35f7cbe854078d1ac9338744f61a02 -> 
  custom:video-encoder-webm-vp8: eb34c28f22e8b96e1ab97ce403110664 -> 
  custom:framework-osx-AVFoundation: e770b220cccbd017edd2c1fefb359320 -> 
  custom:audio-encoder-webm-vorbis: bf7c407c2cedff20999df2af8eb42d56 -> 
  custom:SearchIndexIgnoredProperties: e643bd26f0fe6173181afceb89e7c659 -> 
  custom:container-demuxer-ogg: 62fdf1f143b41e24485cea50d1cbac27 -> 
  custom:video-decoder-webm-vp8: 9c59270c3fd7afecdb556c50c9e8de78 -> 
  custom:audio-decoder-ogg-vorbis: bf7c407c2cedff20999df2af8eb42d56 -> 
========================================================================
Received Prepare
Registering precompiled user dll's ...
Registered in 0.004546 seconds.
Begin MonoManager ReloadAssembly
Thread 0x16e3e7000 may have been prematurely finalized
Symbol file LoadedFromMemory doesn't match image /Users/alebrio/Documents/Politecnico/VPP/VPP_Shipwrecks_Shared/Shipwrecks_Project/Library/PackageCache/com.unity.visualscripting@1.8.0/Editor/VisualScripting.Core/Dependencies/DotNetZip/Unity.VisualScripting.IonicZip.dll
Symbol file LoadedFromMemory doesn't match image /Users/alebrio/Documents/Politecnico/VPP/VPP_Shipwrecks_Shared/Shipwrecks_Project/Library/PackageCache/com.unity.visualscripting@1.8.0/Editor/VisualScripting.Core/Dependencies/YamlDotNet/Unity.VisualScripting.YamlDotNet.dll
Native extension for Android target not found
Native extension for OSXStandalone target not found
Refreshing native plugins compatible for Editor in 0.88 ms, found 3 plugins.
Preloading 1 native plugins for Editor in 0.48 ms.
Mono: successfully reloaded assembly
- Completed reload, in  0.792 seconds
Domain Reload Profiling:
	ReloadAssembly (795ms)
		BeginReloadAssembly (112ms)
			ExecutionOrderSort (0ms)
			DisableScriptedObjects (4ms)
			BackupInstance (0ms)
			ReleaseScriptingObjects (0ms)
			CreateAndSetChildDomain (50ms)
		EndReloadAssembly (624ms)
			LoadAssemblies (50ms)
			RebuildTransferFunctionScriptingTraits (0ms)
			SetupTypeCache (189ms)
			ReleaseScriptCaches (1ms)
			RebuildScriptCaches (34ms)
			SetupLoadedEditorAssemblies (265ms)
				LogAssemblyErrors (0ms)
				InitializePlatformSupportModulesInManaged (9ms)
				SetLoadedEditorAssemblies (0ms)
				RefreshPlugins (1ms)
				BeforeProcessingInitializeOnLoad (54ms)
				ProcessInitializeOnLoadAttributes (161ms)
				ProcessInitializeOnLoadMethodAttributes (39ms)
				AfterProcessingInitializeOnLoad (1ms)
				EditorAssembliesLoaded (0ms)
			ExecutionOrderSort2 (0ms)
			AwakeInstancesAfterBackupRestoration (6ms)
Platform modules already initialized, skipping
Refreshing native plugins compatible for Editor in 2.49 ms, found 3 plugins.
Preloading 1 native plugins for Editor in 0.36 ms.
Unloading 5605 Unused Serialized files (Serialized files now loaded: 0)
Unloading 56 unused Assets / (0.7 MB). Loaded Objects now: 6342.
Memory consumption went from 280.9 MB to 280.3 MB.
Total: 3.134667 ms (FindLiveObjects: 0.244541 ms CreateObjectMapping: 0.077584 ms MarkObjects: 2.529500 ms  DeleteObjects: 0.282458 ms)

AssetImportParameters requested are different than current active one (requested -> active):
  custom:video-decoder-ogg-theora: a1e56fd34408186e4bbccfd4996cb3dc -> 
  custom:container-muxer-webm: aa71ff27fc2769a1b78a27578f13a17b -> 
  custom:container-demuxer-webm: 4f35f7cbe854078d1ac9338744f61a02 -> 
  custom:video-encoder-webm-vp8: eb34c28f22e8b96e1ab97ce403110664 -> 
  custom:framework-osx-AVFoundation: e770b220cccbd017edd2c1fefb359320 -> 
  custom:audio-encoder-webm-vorbis: bf7c407c2cedff20999df2af8eb42d56 -> 
  custom:SearchIndexIgnoredProperties: e643bd26f0fe6173181afceb89e7c659 -> 
  custom:container-demuxer-ogg: 62fdf1f143b41e24485cea50d1cbac27 -> 
  custom:video-decoder-webm-vp8: 9c59270c3fd7afecdb556c50c9e8de78 -> 
  custom:audio-decoder-ogg-vorbis: bf7c407c2cedff20999df2af8eb42d56 -> 
========================================================================
Received Prepare
Registering precompiled user dll's ...
Registered in 0.003602 seconds.
Begin MonoManager ReloadAssembly
Thread 0x16e3e7000 may have been prematurely finalized
Symbol file LoadedFromMemory doesn't match image /Users/alebrio/Documents/Politecnico/VPP/VPP_Shipwrecks_Shared/Shipwrecks_Project/Library/PackageCache/com.unity.visualscripting@1.8.0/Editor/VisualScripting.Core/Dependencies/DotNetZip/Unity.VisualScripting.IonicZip.dll
Symbol file LoadedFromMemory doesn't match image /Users/alebrio/Documents/Politecnico/VPP/VPP_Shipwrecks_Shared/Shipwrecks_Project/Library/PackageCache/com.unity.visualscripting@1.8.0/Editor/VisualScripting.Core/Dependencies/YamlDotNet/Unity.VisualScripting.YamlDotNet.dll
Native extension for Android target not found
Native extension for OSXStandalone target not found
Refreshing native plugins compatible for Editor in 0.77 ms, found 3 plugins.
Preloading 1 native plugins for Editor in 0.42 ms.
Mono: successfully reloaded assembly
- Completed reload, in  0.789 seconds
Domain Reload Profiling:
	ReloadAssembly (790ms)
		BeginReloadAssembly (99ms)
			ExecutionOrderSort (0ms)
			DisableScriptedObjects (4ms)
			BackupInstance (0ms)
			ReleaseScriptingObjects (0ms)
			CreateAndSetChildDomain (43ms)
		EndReloadAssembly (636ms)
			LoadAssemblies (47ms)
			RebuildTransferFunctionScriptingTraits (0ms)
			SetupTypeCache (200ms)
			ReleaseScriptCaches (1ms)
			RebuildScriptCaches (34ms)
			SetupLoadedEditorAssemblies (248ms)
				LogAssemblyErrors (0ms)
				InitializePlatformSupportModulesInManaged (8ms)
				SetLoadedEditorAssemblies (0ms)
				RefreshPlugins (1ms)
				BeforeProcessingInitializeOnLoad (53ms)
				ProcessInitializeOnLoadAttributes (145ms)
				ProcessInitializeOnLoadMethodAttributes (39ms)
				AfterProcessingInitializeOnLoad (1ms)
				EditorAssembliesLoaded (0ms)
			ExecutionOrderSort2 (0ms)
			AwakeInstancesAfterBackupRestoration (6ms)
Platform modules already initialized, skipping
Refreshing native plugins compatible for Editor in 2.45 ms, found 3 plugins.
Preloading 1 native plugins for Editor in 0.38 ms.
Unloading 5605 Unused Serialized files (Serialized files now loaded: 0)
Unloading 56 unused Assets / (0.7 MB). Loaded Objects now: 6347.
Memory consumption went from 281.0 MB to 280.3 MB.
Total: 2.801958 ms (FindLiveObjects: 0.176959 ms CreateObjectMapping: 0.066917 ms MarkObjects: 2.308625 ms  DeleteObjects: 0.249000 ms)

AssetImportParameters requested are different than current active one (requested -> active):
  custom:video-decoder-ogg-theora: a1e56fd34408186e4bbccfd4996cb3dc -> 
  custom:container-muxer-webm: aa71ff27fc2769a1b78a27578f13a17b -> 
  custom:container-demuxer-webm: 4f35f7cbe854078d1ac9338744f61a02 -> 
  custom:video-encoder-webm-vp8: eb34c28f22e8b96e1ab97ce403110664 -> 
  custom:framework-osx-AVFoundation: e770b220cccbd017edd2c1fefb359320 -> 
  custom:audio-encoder-webm-vorbis: bf7c407c2cedff20999df2af8eb42d56 -> 
  custom:SearchIndexIgnoredProperties: e643bd26f0fe6173181afceb89e7c659 -> 
  custom:container-demuxer-ogg: 62fdf1f143b41e24485cea50d1cbac27 -> 
  custom:video-decoder-webm-vp8: 9c59270c3fd7afecdb556c50c9e8de78 -> 
  custom:audio-decoder-ogg-vorbis: bf7c407c2cedff20999df2af8eb42d56 -> 
========================================================================
Received Prepare
Registering precompiled user dll's ...
Registered in 0.003944 seconds.
Begin MonoManager ReloadAssembly
Thread 0x16e3e7000 may have been prematurely finalized
Symbol file LoadedFromMemory doesn't match image /Users/alebrio/Documents/Politecnico/VPP/VPP_Shipwrecks_Shared/Shipwrecks_Project/Library/PackageCache/com.unity.visualscripting@1.8.0/Editor/VisualScripting.Core/Dependencies/DotNetZip/Unity.VisualScripting.IonicZip.dll
Symbol file LoadedFromMemory doesn't match image /Users/alebrio/Documents/Politecnico/VPP/VPP_Shipwrecks_Shared/Shipwrecks_Project/Library/PackageCache/com.unity.visualscripting@1.8.0/Editor/VisualScripting.Core/Dependencies/YamlDotNet/Unity.VisualScripting.YamlDotNet.dll
Native extension for Android target not found
Native extension for OSXStandalone target not found
Refreshing native plugins compatible for Editor in 0.94 ms, found 3 plugins.
Preloading 1 native plugins for Editor in 0.50 ms.
Mono: successfully reloaded assembly
- Completed reload, in  0.815 seconds
Domain Reload Profiling:
	ReloadAssembly (816ms)
		BeginReloadAssembly (118ms)
			ExecutionOrderSort (0ms)
			DisableScriptedObjects (4ms)
			BackupInstance (0ms)
			ReleaseScriptingObjects (0ms)
			CreateAndSetChildDomain (58ms)
		EndReloadAssembly (635ms)
			LoadAssemblies (47ms)
			RebuildTransferFunctionScriptingTraits (0ms)
			SetupTypeCache (199ms)
			ReleaseScriptCaches (2ms)
			RebuildScriptCaches (35ms)
			SetupLoadedEditorAssemblies (273ms)
				LogAssemblyErrors (0ms)
				InitializePlatformSupportModulesInManaged (9ms)
				SetLoadedEditorAssemblies (0ms)
				RefreshPlugins (2ms)
				BeforeProcessingInitializeOnLoad (53ms)
				ProcessInitializeOnLoadAttributes (163ms)
				ProcessInitializeOnLoadMethodAttributes (45ms)
				AfterProcessingInitializeOnLoad (1ms)
				EditorAssembliesLoaded (0ms)
			ExecutionOrderSort2 (0ms)
			AwakeInstancesAfterBackupRestoration (7ms)
Platform modules already initialized, skipping
Refreshing native plugins compatible for Editor in 4.56 ms, found 3 plugins.
Preloading 1 native plugins for Editor in 0.46 ms.
Unloading 5605 Unused Serialized files (Serialized files now loaded: 0)
Unloading 56 unused Assets / (0.6 MB). Loaded Objects now: 6352.
Memory consumption went from 281.0 MB to 280.3 MB.
Total: 3.497334 ms (FindLiveObjects: 0.213333 ms CreateObjectMapping: 0.072125 ms MarkObjects: 2.923209 ms  DeleteObjects: 0.287709 ms)

AssetImportParameters requested are different than current active one (requested -> active):
  custom:video-decoder-ogg-theora: a1e56fd34408186e4bbccfd4996cb3dc -> 
  custom:container-muxer-webm: aa71ff27fc2769a1b78a27578f13a17b -> 
  custom:container-demuxer-webm: 4f35f7cbe854078d1ac9338744f61a02 -> 
  custom:video-encoder-webm-vp8: eb34c28f22e8b96e1ab97ce403110664 -> 
  custom:framework-osx-AVFoundation: e770b220cccbd017edd2c1fefb359320 -> 
  custom:audio-encoder-webm-vorbis: bf7c407c2cedff20999df2af8eb42d56 -> 
  custom:SearchIndexIgnoredProperties: e643bd26f0fe6173181afceb89e7c659 -> 
  custom:container-demuxer-ogg: 62fdf1f143b41e24485cea50d1cbac27 -> 
  custom:video-decoder-webm-vp8: 9c59270c3fd7afecdb556c50c9e8de78 -> 
  custom:audio-decoder-ogg-vorbis: bf7c407c2cedff20999df2af8eb42d56 -> 
